{
  "stats": {
    "suites": 1,
    "tests": 6,
    "passes": 3,
    "pending": 2,
    "failures": 1,
    "start": "2019-04-03T05:31:51.443Z",
    "end": "2019-04-03T05:31:51.451Z",
    "duration": 8,
    "testsRegistered": 6,
    "passPercent": 75,
    "pendingPercent": 33.3,
    "other": 0,
    "hasOther": false,
    "skipped": 0,
    "hasSkipped": false,
    "passPercentClass": "warning",
    "pendingPercentClass": "danger"
  },
  "suites": {
    "title": "",
    "suites": [
      {
        "title": "Demo test suite",
        "suites": [],
        "tests": [
          {
            "title": "assert user is correct",
            "fullTitle": "Demo test suite assert user is correct",
            "timedOut": false,
            "duration": 1,
            "state": "passed",
            "speed": "fast",
            "pass": true,
            "fail": false,
            "pending": false,
            "code": "const localUser = \"Akram\";\nassert.equal(user, localUser);",
            "err": {},
            "isRoot": false,
            "uuid": "b213755b-6971-4b12-b72d-6b3e06ddf3c2",
            "parentUUID": "f0bdbce2-32bf-4b55-b4fb-6ffcb29c539e",
            "isHook": false,
            "skipped": false
          },
          {
            "title": "empty test",
            "fullTitle": "Demo test suite empty test",
            "timedOut": false,
            "duration": 0,
            "state": "passed",
            "speed": "fast",
            "pass": true,
            "fail": false,
            "pending": false,
            "code": "",
            "err": {},
            "isRoot": false,
            "uuid": "02f69215-8c44-4ffa-af7c-6e71a3af5311",
            "parentUUID": "f0bdbce2-32bf-4b55-b4fb-6ffcb29c539e",
            "isHook": false,
            "skipped": false
          },
          {
            "title": "one more successful test",
            "fullTitle": "Demo test suite one more successful test",
            "timedOut": false,
            "duration": 0,
            "state": "passed",
            "speed": "fast",
            "pass": true,
            "fail": false,
            "pending": false,
            "code": "assert.equal(1, 1);",
            "err": {},
            "isRoot": false,
            "uuid": "e30ec534-cc91-4092-87ed-ffab78a8a1a7",
            "parentUUID": "f0bdbce2-32bf-4b55-b4fb-6ffcb29c539e",
            "isHook": false,
            "skipped": false
          },
          {
            "title": "will do soon",
            "fullTitle": "Demo test suite will do soon",
            "timedOut": false,
            "duration": 0,
            "pass": false,
            "fail": false,
            "pending": true,
            "code": "",
            "err": {},
            "isRoot": false,
            "uuid": "db7b6ec1-ba82-4263-9191-4c75a58bc6f6",
            "parentUUID": "f0bdbce2-32bf-4b55-b4fb-6ffcb29c539e",
            "isHook": false,
            "skipped": false
          },
          {
            "title": "Example of skipped test",
            "fullTitle": "Demo test suite Example of skipped test",
            "timedOut": false,
            "duration": 0,
            "pass": false,
            "fail": false,
            "pending": true,
            "code": "",
            "err": {},
            "isRoot": false,
            "uuid": "bfa73409-850e-4d19-994d-fd9f06e26dbc",
            "parentUUID": "f0bdbce2-32bf-4b55-b4fb-6ffcb29c539e",
            "isHook": false,
            "skipped": false
          },
          {
            "title": "example of failed test",
            "fullTitle": "Demo test suite example of failed test",
            "timedOut": false,
            "duration": 1,
            "state": "failed",
            "pass": false,
            "fail": true,
            "pending": false,
            "code": "assert.equal(1, 2);",
            "err": {
              "message": "AssertionError: expected 1 to equal 2",
              "estack": "AssertionError: expected 1 to equal 2\n    at Context.<anonymous> (test/api/demoTestSuite.js:33:16)",
              "diff": "- 1\n+ 2\n"
            },
            "isRoot": false,
            "uuid": "5ea2228c-e745-4399-87db-a7ee9d6c22c0",
            "parentUUID": "f0bdbce2-32bf-4b55-b4fb-6ffcb29c539e",
            "isHook": false,
            "skipped": false
          }
        ],
        "pending": [
          {
            "title": "will do soon",
            "fullTitle": "Demo test suite will do soon",
            "timedOut": false,
            "duration": 0,
            "pass": false,
            "fail": false,
            "pending": true,
            "code": "",
            "err": {},
            "isRoot": false,
            "uuid": "db7b6ec1-ba82-4263-9191-4c75a58bc6f6",
            "parentUUID": "f0bdbce2-32bf-4b55-b4fb-6ffcb29c539e",
            "isHook": false,
            "skipped": false
          },
          {
            "title": "Example of skipped test",
            "fullTitle": "Demo test suite Example of skipped test",
            "timedOut": false,
            "duration": 0,
            "pass": false,
            "fail": false,
            "pending": true,
            "code": "",
            "err": {},
            "isRoot": false,
            "uuid": "bfa73409-850e-4d19-994d-fd9f06e26dbc",
            "parentUUID": "f0bdbce2-32bf-4b55-b4fb-6ffcb29c539e",
            "isHook": false,
            "skipped": false
          }
        ],
        "root": false,
        "_timeout": 20000,
        "file": "/test/api/demoTestSuite.js",
        "uuid": "f0bdbce2-32bf-4b55-b4fb-6ffcb29c539e",
        "beforeHooks": [
          {
            "title": "\"before each\" hook",
            "fullTitle": "Demo test suite \"before each\" hook",
            "timedOut": false,
            "duration": 0,
            "pass": false,
            "fail": false,
            "pending": false,
            "code": "user = \"Akram\";",
            "err": {},
            "isRoot": false,
            "uuid": "3de1d58d-8b31-43dd-9e4e-fbec0a1d6889",
            "parentUUID": "f0bdbce2-32bf-4b55-b4fb-6ffcb29c539e",
            "isHook": true,
            "skipped": false
          }
        ],
        "afterHooks": [],
        "fullFile": "/home/apotrebin/cloudcoreo/webapp/test/api/demoTestSuite.js",
        "passes": [
          {
            "title": "assert user is correct",
            "fullTitle": "Demo test suite assert user is correct",
            "timedOut": false,
            "duration": 1,
            "state": "passed",
            "speed": "fast",
            "pass": true,
            "fail": false,
            "pending": false,
            "code": "const localUser = \"Akram\";\nassert.equal(user, localUser);",
            "err": {},
            "isRoot": false,
            "uuid": "b213755b-6971-4b12-b72d-6b3e06ddf3c2",
            "parentUUID": "f0bdbce2-32bf-4b55-b4fb-6ffcb29c539e",
            "isHook": false,
            "skipped": false
          },
          {
            "title": "empty test",
            "fullTitle": "Demo test suite empty test",
            "timedOut": false,
            "duration": 0,
            "state": "passed",
            "speed": "fast",
            "pass": true,
            "fail": false,
            "pending": false,
            "code": "",
            "err": {},
            "isRoot": false,
            "uuid": "02f69215-8c44-4ffa-af7c-6e71a3af5311",
            "parentUUID": "f0bdbce2-32bf-4b55-b4fb-6ffcb29c539e",
            "isHook": false,
            "skipped": false
          },
          {
            "title": "one more successful test",
            "fullTitle": "Demo test suite one more successful test",
            "timedOut": false,
            "duration": 0,
            "state": "passed",
            "speed": "fast",
            "pass": true,
            "fail": false,
            "pending": false,
            "code": "assert.equal(1, 1);",
            "err": {},
            "isRoot": false,
            "uuid": "e30ec534-cc91-4092-87ed-ffab78a8a1a7",
            "parentUUID": "f0bdbce2-32bf-4b55-b4fb-6ffcb29c539e",
            "isHook": false,
            "skipped": false
          }
        ],
        "failures": [
          {
            "title": "example of failed test",
            "fullTitle": "Demo test suite example of failed test",
            "timedOut": false,
            "duration": 1,
            "state": "failed",
            "pass": false,
            "fail": true,
            "pending": false,
            "code": "assert.equal(1, 2);",
            "err": {
              "message": "AssertionError: expected 1 to equal 2",
              "estack": "AssertionError: expected 1 to equal 2\n    at Context.<anonymous> (test/api/demoTestSuite.js:33:16)",
              "diff": "- 1\n+ 2\n"
            },
            "isRoot": false,
            "uuid": "5ea2228c-e745-4399-87db-a7ee9d6c22c0",
            "parentUUID": "f0bdbce2-32bf-4b55-b4fb-6ffcb29c539e",
            "isHook": false,
            "skipped": false
          }
        ],
        "skipped": [],
        "hasBeforeHooks": true,
        "hasAfterHooks": false,
        "hasTests": true,
        "hasSuites": false,
        "totalTests": 6,
        "totalPasses": 3,
        "totalFailures": 1,
        "totalPending": 2,
        "totalSkipped": 0,
        "hasPasses": true,
        "hasFailures": true,
        "hasPending": true,
        "hasSkipped": false,
        "duration": 2,
        "rootEmpty": false
      }
    ],
    "tests": [],
    "pending": [],
    "root": true,
    "_timeout": 20000,
    "uuid": "ece4a7df-10eb-422c-a6dd-91e825e08cf1",
    "beforeHooks": [],
    "afterHooks": [],
    "fullFile": "",
    "file": "",
    "passes": [],
    "failures": [],
    "skipped": [],
    "hasBeforeHooks": false,
    "hasAfterHooks": false,
    "hasTests": false,
    "hasSuites": true,
    "totalTests": 0,
    "totalPasses": 0,
    "totalFailures": 0,
    "totalPending": 0,
    "totalSkipped": 0,
    "hasPasses": false,
    "hasFailures": false,
    "hasPending": false,
    "hasSkipped": false,
    "duration": 0,
    "rootEmpty": true
  },
  "allTests": [
    {
      "title": "assert user is correct",
      "fullTitle": "Demo test suite assert user is correct",
      "timedOut": false,
      "duration": 1,
      "state": "passed",
      "speed": "fast",
      "pass": true,
      "fail": false,
      "pending": false,
      "code": "const localUser = \"Akram\";\nassert.equal(user, localUser);",
      "err": {},
      "isRoot": false,
      "uuid": "b213755b-6971-4b12-b72d-6b3e06ddf3c2",
      "parentUUID": "f0bdbce2-32bf-4b55-b4fb-6ffcb29c539e",
      "isHook": false,
      "skipped": false
    },
    {
      "title": "empty test",
      "fullTitle": "Demo test suite empty test",
      "timedOut": false,
      "duration": 0,
      "state": "passed",
      "speed": "fast",
      "pass": true,
      "fail": false,
      "pending": false,
      "code": "",
      "err": {},
      "isRoot": false,
      "uuid": "02f69215-8c44-4ffa-af7c-6e71a3af5311",
      "parentUUID": "f0bdbce2-32bf-4b55-b4fb-6ffcb29c539e",
      "isHook": false,
      "skipped": false
    },
    {
      "title": "one more successful test",
      "fullTitle": "Demo test suite one more successful test",
      "timedOut": false,
      "duration": 0,
      "state": "passed",
      "speed": "fast",
      "pass": true,
      "fail": false,
      "pending": false,
      "code": "assert.equal(1, 1);",
      "err": {},
      "isRoot": false,
      "uuid": "e30ec534-cc91-4092-87ed-ffab78a8a1a7",
      "parentUUID": "f0bdbce2-32bf-4b55-b4fb-6ffcb29c539e",
      "isHook": false,
      "skipped": false
    },
    {
      "title": "will do soon",
      "fullTitle": "Demo test suite will do soon",
      "timedOut": false,
      "duration": 0,
      "pass": false,
      "fail": false,
      "pending": true,
      "code": "",
      "err": {},
      "isRoot": false,
      "uuid": "db7b6ec1-ba82-4263-9191-4c75a58bc6f6",
      "parentUUID": "f0bdbce2-32bf-4b55-b4fb-6ffcb29c539e",
      "isHook": false,
      "skipped": false
    },
    {
      "title": "Example of skipped test",
      "fullTitle": "Demo test suite Example of skipped test",
      "timedOut": false,
      "duration": 0,
      "pass": false,
      "fail": false,
      "pending": true,
      "code": "",
      "err": {},
      "isRoot": false,
      "uuid": "bfa73409-850e-4d19-994d-fd9f06e26dbc",
      "parentUUID": "f0bdbce2-32bf-4b55-b4fb-6ffcb29c539e",
      "isHook": false,
      "skipped": false
    },
    {
      "title": "example of failed test",
      "fullTitle": "Demo test suite example of failed test",
      "timedOut": false,
      "duration": 1,
      "state": "failed",
      "pass": false,
      "fail": true,
      "pending": false,
      "code": "assert.equal(1, 2);",
      "err": {
        "message": "AssertionError: expected 1 to equal 2",
        "estack": "AssertionError: expected 1 to equal 2\n    at Context.<anonymous> (test/api/demoTestSuite.js:33:16)",
        "diff": "- 1\n+ 2\n"
      },
      "isRoot": false,
      "uuid": "5ea2228c-e745-4399-87db-a7ee9d6c22c0",
      "parentUUID": "f0bdbce2-32bf-4b55-b4fb-6ffcb29c539e",
      "isHook": false,
      "skipped": false
    }
  ],
  "allPending": [
    {
      "title": "will do soon",
      "fullTitle": "Demo test suite will do soon",
      "timedOut": false,
      "duration": 0,
      "pass": false,
      "fail": false,
      "pending": true,
      "code": "",
      "err": {},
      "isRoot": false,
      "uuid": "db7b6ec1-ba82-4263-9191-4c75a58bc6f6",
      "parentUUID": "f0bdbce2-32bf-4b55-b4fb-6ffcb29c539e",
      "isHook": false,
      "skipped": false
    },
    {
      "title": "Example of skipped test",
      "fullTitle": "Demo test suite Example of skipped test",
      "timedOut": false,
      "duration": 0,
      "pass": false,
      "fail": false,
      "pending": true,
      "code": "",
      "err": {},
      "isRoot": false,
      "uuid": "bfa73409-850e-4d19-994d-fd9f06e26dbc",
      "parentUUID": "f0bdbce2-32bf-4b55-b4fb-6ffcb29c539e",
      "isHook": false,
      "skipped": false
    }
  ],
  "allPasses": [
    {
      "title": "assert user is correct",
      "fullTitle": "Demo test suite assert user is correct",
      "timedOut": false,
      "duration": 1,
      "state": "passed",
      "speed": "fast",
      "pass": true,
      "fail": false,
      "pending": false,
      "code": "const localUser = \"Akram\";\nassert.equal(user, localUser);",
      "err": {},
      "isRoot": false,
      "uuid": "b213755b-6971-4b12-b72d-6b3e06ddf3c2",
      "parentUUID": "f0bdbce2-32bf-4b55-b4fb-6ffcb29c539e",
      "isHook": false,
      "skipped": false
    },
    {
      "title": "empty test",
      "fullTitle": "Demo test suite empty test",
      "timedOut": false,
      "duration": 0,
      "state": "passed",
      "speed": "fast",
      "pass": true,
      "fail": false,
      "pending": false,
      "code": "",
      "err": {},
      "isRoot": false,
      "uuid": "02f69215-8c44-4ffa-af7c-6e71a3af5311",
      "parentUUID": "f0bdbce2-32bf-4b55-b4fb-6ffcb29c539e",
      "isHook": false,
      "skipped": false
    },
    {
      "title": "one more successful test",
      "fullTitle": "Demo test suite one more successful test",
      "timedOut": false,
      "duration": 0,
      "state": "passed",
      "speed": "fast",
      "pass": true,
      "fail": false,
      "pending": false,
      "code": "assert.equal(1, 1);",
      "err": {},
      "isRoot": false,
      "uuid": "e30ec534-cc91-4092-87ed-ffab78a8a1a7",
      "parentUUID": "f0bdbce2-32bf-4b55-b4fb-6ffcb29c539e",
      "isHook": false,
      "skipped": false
    }
  ],
  "allFailures": [
    {
      "title": "example of failed test",
      "fullTitle": "Demo test suite example of failed test",
      "timedOut": false,
      "duration": 1,
      "state": "failed",
      "pass": false,
      "fail": true,
      "pending": false,
      "code": "assert.equal(1, 2);",
      "err": {
        "message": "AssertionError: expected 1 to equal 2",
        "estack": "AssertionError: expected 1 to equal 2\n    at Context.<anonymous> (test/api/demoTestSuite.js:33:16)",
        "diff": "- 1\n+ 2\n"
      },
      "isRoot": false,
      "uuid": "5ea2228c-e745-4399-87db-a7ee9d6c22c0",
      "parentUUID": "f0bdbce2-32bf-4b55-b4fb-6ffcb29c539e",
      "isHook": false,
      "skipped": false
    }
  ],
  "copyrightYear": 2019
}